<?xml version="1.0" encoding="UTF-8"?>
<!-- Generated by org.testng.reporters.JUnitXMLReporter -->
<testsuite hostname="Sinans-MacBook-Air.local" ignored="0" name="Surefire test" tests="1" failures="1" timestamp="2019-02-02T14:37:30 GMT" time="12.82" errors="0">
  <testcase name="basepageNavigation" time="0.186" classname="Academy.Assertions_HomePage">
    <failure type="java.lang.AssertionError" message="expected [Valentine&amp;apos;s Day Gift Guide1] but found [Valentine&amp;apos;s Day Gift Guide]">
      <![CDATA[java.lang.AssertionError: expected [Valentine's Day Gift Guide1] but found [Valentine's Day Gift Guide]
at Academy.Assertions_HomePage.basepageNavigation(Assertions_HomePage.java:40)
... Removed 37 stack frames]]>
    </failure>
  </testcase> <!-- basepageNavigation -->
</testsuite> <!-- Surefire test -->
