<?xml version="1.0" encoding="UTF-8"?>
<!-- Generated by org.testng.reporters.JUnitXMLReporter -->
<testsuite hostname="Sinans-MacBook-Air.local" ignored="0" name="Rest" tests="7" failures="0" timestamp="2019-02-07T14:40:32 GMT" time="602.653" errors="0">
  <testcase name="basepageNavigation" time="9.334" classname="Academy.DataProdiver_HomePage"/>
  <testcase name="basepageNavigation" time="10.103" classname="Academy.DataProdiver_HomePage"/>
  <testcase name="basepageNavigation" time="16.285" classname="Academy.DataProdiver_HomePage"/>
  <testcase name="basepageNavigation" time="9.604" classname="Academy.HomePage"/>
  <testcase name="basepageNavigation" time="18.721" classname="Academy.HomePage"/>
  <testcase name="basepageNavigation" time="9.671" classname="Academy.HomePage"/>
  <testcase name="tagValid" time="0.084" classname="Academy.TagValidation_HomePage"/>
</testsuite> <!-- Rest -->
