<?xml version="1.0" encoding="UTF-8"?>
<testsuite xmlns:xsi="http://www.w3.org/2001/XMLSchema-instance" xsi:noNamespaceSchemaLocation="https://maven.apache.org/surefire/maven-surefire-plugin/xsd/surefire-test-report-3.0.xsd" version="3.0" name="Academy.Assertions_HomePage" time="14.425" tests="1" errors="0" skipped="0" failures="1">
  <properties>
[...]
</properties>
  <testcase name="basepageNavigation" classname="Academy.Assertions_HomePage" time="0.195">
    <failure message="expected [Valentine&apos;s Day Gift Guide1] but found [Valentine&apos;s Day Gift Guide]" type="java.lang.AssertionError">java.lang.AssertionError: expected [Valentine's Day Gift Guide1] but found [Valentine's Day Gift Guide]
	at Academy.Assertions_HomePage.basepageNavigation(Assertions_HomePage.java:40)
</failure>
    <system-err><![CDATA[Starting ChromeDriver 2.45.615355 (d5698f682d8b2742017df6c81e0bd8e6a3063189) on port 21433
Only local connections are allowed.
Feb 02, 2019 2:37:20 PM org.openqa.selenium.remote.ProtocolHandshake createSession
INFO: Detected dialect: OSS
]]></system-err>
  </testcase>
</testsuite>