<?xml version="1.0" encoding="UTF-8"?>
<testng-results skipped="0" failed="1" ignored="0" total="8" passed="7">
  <reporter-output>
  </reporter-output>
  <suite name="Suite" duration-ms="759698" started-at="2019-02-07T14:27:52 GMT" finished-at="2019-02-07T14:40:31 GMT">
    <groups>
    </groups>
    <test name="Assertion" duration-ms="156715" started-at="2019-02-07T14:27:52 GMT" finished-at="2019-02-07T14:30:28 GMT">
      <class name="Academy.Assertions_HomePage">
        <test-method status="PASS" signature="initilize()[pri:0, instance:Academy.Assertions_HomePage@4e268090]" name="initilize" is-config="true" duration-ms="145444" started-at="2019-02-07T14:27:52 GMT" finished-at="2019-02-07T14:30:17 GMT">
          <reporter-output>
          </reporter-output>
        </test-method> <!-- initilize -->
        <test-method status="FAIL" signature="basepageNavigation()[pri:0, instance:Academy.Assertions_HomePage@4e268090]" name="basepageNavigation" duration-ms="10244" started-at="2019-02-07T14:30:17 GMT" finished-at="2019-02-07T14:30:27 GMT">
          <exception class="org.openqa.selenium.NoSuchElementException">
            <message>
              <![CDATA[no such element: Unable to locate element: {"method":"xpath","selector":"//*[@id="torso"]/div/div/div[8]/div[2]/a/h2"}
  (Session info: chrome=71.0.3578.98)
  (Driver info: chromedriver=2.45.615355 (d5698f682d8b2742017df6c81e0bd8e6a3063189),platform=Mac OS X 10.13.6 x86_64) (WARNING: The server did not provide any stacktrace information)
Command duration or timeout: 0 milliseconds
For documentation on this error, please visit: https://www.seleniumhq.org/exceptions/no_such_element.html
Build info: version: '3.141.59', revision: 'e82be7d358', time: '2018-11-14T08:17:03'
System info: host: 'Sinans-MacBook-Air.local', ip: 'fe80:0:0:0:c3c:3efc:9217:1968%en0', os.name: 'Mac OS X', os.arch: 'x86_64', os.version: '10.13.6', java.version: '1.8.0_201'
Driver info: org.openqa.selenium.chrome.ChromeDriver
Capabilities {acceptInsecureCerts: false, acceptSslCerts: false, applicationCacheEnabled: false, browserConnectionEnabled: false, browserName: chrome, chrome: {chromedriverVersion: 2.45.615355 (d5698f682d8b27..., userDataDir: /var/folders/8d/rs5mdkhd5q5...}, cssSelectorsEnabled: true, databaseEnabled: false, goog:chromeOptions: {debuggerAddress: localhost:51997}, handlesAlerts: true, hasTouchScreen: false, javascriptEnabled: true, locationContextEnabled: true, mobileEmulationEnabled: false, nativeEvents: true, networkConnectionEnabled: false, pageLoadStrategy: normal, platform: MAC, platformName: MAC, proxy: Proxy(), rotatable: false, setWindowRect: true, strictFileInteractability: false, takesHeapSnapshot: true, takesScreenshot: true, timeouts: {implicit: 0, pageLoad: 300000, script: 30000}, unexpectedAlertBehaviour: ignore, unhandledPromptBehavior: ignore, version: 71.0.3578.98, webStorageEnabled: true}
Session ID: a5579cef6dbf488ba6facec0043d1f36
*** Element info: {Using=xpath, value=//*[@id="torso"]/div/div/div[8]/div[2]/a/h2}]]>
            </message>
            <full-stacktrace>
              <![CDATA[org.openqa.selenium.NoSuchElementException: no such element: Unable to locate element: {"method":"xpath","selector":"//*[@id="torso"]/div/div/div[8]/div[2]/a/h2"}
  (Session info: chrome=71.0.3578.98)
  (Driver info: chromedriver=2.45.615355 (d5698f682d8b2742017df6c81e0bd8e6a3063189),platform=Mac OS X 10.13.6 x86_64) (WARNING: The server did not provide any stacktrace information)
Command duration or timeout: 0 milliseconds
For documentation on this error, please visit: https://www.seleniumhq.org/exceptions/no_such_element.html
Build info: version: '3.141.59', revision: 'e82be7d358', time: '2018-11-14T08:17:03'
System info: host: 'Sinans-MacBook-Air.local', ip: 'fe80:0:0:0:c3c:3efc:9217:1968%en0', os.name: 'Mac OS X', os.arch: 'x86_64', os.version: '10.13.6', java.version: '1.8.0_201'
Driver info: org.openqa.selenium.chrome.ChromeDriver
Capabilities {acceptInsecureCerts: false, acceptSslCerts: false, applicationCacheEnabled: false, browserConnectionEnabled: false, browserName: chrome, chrome: {chromedriverVersion: 2.45.615355 (d5698f682d8b27..., userDataDir: /var/folders/8d/rs5mdkhd5q5...}, cssSelectorsEnabled: true, databaseEnabled: false, goog:chromeOptions: {debuggerAddress: localhost:51997}, handlesAlerts: true, hasTouchScreen: false, javascriptEnabled: true, locationContextEnabled: true, mobileEmulationEnabled: false, nativeEvents: true, networkConnectionEnabled: false, pageLoadStrategy: normal, platform: MAC, platformName: MAC, proxy: Proxy(), rotatable: false, setWindowRect: true, strictFileInteractability: false, takesHeapSnapshot: true, takesScreenshot: true, timeouts: {implicit: 0, pageLoad: 300000, script: 30000}, unexpectedAlertBehaviour: ignore, unhandledPromptBehavior: ignore, version: 71.0.3578.98, webStorageEnabled: true}
Session ID: a5579cef6dbf488ba6facec0043d1f36
*** Element info: {Using=xpath, value=//*[@id="torso"]/div/div/div[8]/div[2]/a/h2}
at sun.reflect.NativeConstructorAccessorImpl.newInstance0(Native Method)
at sun.reflect.NativeConstructorAccessorImpl.newInstance(NativeConstructorAccessorImpl.java:62)
at sun.reflect.DelegatingConstructorAccessorImpl.newInstance(DelegatingConstructorAccessorImpl.java:45)
at java.lang.reflect.Constructor.newInstance(Constructor.java:423)
at org.openqa.selenium.remote.ErrorHandler.createThrowable(ErrorHandler.java:214)
at org.openqa.selenium.remote.ErrorHandler.throwIfResponseFailed(ErrorHandler.java:166)
at org.openqa.selenium.remote.http.JsonHttpResponseCodec.reconstructValue(JsonHttpResponseCodec.java:40)
at org.openqa.selenium.remote.http.AbstractHttpResponseCodec.decode(AbstractHttpResponseCodec.java:80)
at org.openqa.selenium.remote.http.AbstractHttpResponseCodec.decode(AbstractHttpResponseCodec.java:44)
at org.openqa.selenium.remote.HttpCommandExecutor.execute(HttpCommandExecutor.java:158)
at org.openqa.selenium.remote.service.DriverCommandExecutor.execute(DriverCommandExecutor.java:83)
at org.openqa.selenium.remote.RemoteWebDriver.execute(RemoteWebDriver.java:552)
at org.openqa.selenium.remote.RemoteWebDriver.findElement(RemoteWebDriver.java:323)
at org.openqa.selenium.remote.RemoteWebDriver.findElementByXPath(RemoteWebDriver.java:428)
at org.openqa.selenium.By$ByXPath.findElement(By.java:353)
at org.openqa.selenium.remote.RemoteWebDriver.findElement(RemoteWebDriver.java:315)
at org.openqa.selenium.support.pagefactory.DefaultElementLocator.findElement(DefaultElementLocator.java:69)
at org.openqa.selenium.support.pagefactory.internal.LocatingElementHandler.invoke(LocatingElementHandler.java:38)
at com.sun.proxy.$Proxy12.getText(Unknown Source)
at Academy.Assertions_HomePage.basepageNavigation(Assertions_HomePage.java:40)
at sun.reflect.NativeMethodAccessorImpl.invoke0(Native Method)
at sun.reflect.NativeMethodAccessorImpl.invoke(NativeMethodAccessorImpl.java:62)
at sun.reflect.DelegatingMethodAccessorImpl.invoke(DelegatingMethodAccessorImpl.java:43)
at java.lang.reflect.Method.invoke(Method.java:498)
at org.testng.internal.MethodInvocationHelper.invokeMethod(MethodInvocationHelper.java:131)
at org.testng.internal.TestInvoker.invokeMethod(TestInvoker.java:570)
at org.testng.internal.TestInvoker.invokeTestMethod(TestInvoker.java:170)
at org.testng.internal.MethodRunner.runInSequence(MethodRunner.java:46)
at org.testng.internal.TestInvoker$MethodInvocationAgent.invoke(TestInvoker.java:790)
at org.testng.internal.TestInvoker.invokeTestMethods(TestInvoker.java:143)
at org.testng.internal.TestMethodWorker.invokeTestMethods(TestMethodWorker.java:146)
at org.testng.internal.TestMethodWorker.run(TestMethodWorker.java:128)
at org.testng.TestRunner.privateRun(TestRunner.java:763)
at org.testng.TestRunner.run(TestRunner.java:594)
at org.testng.SuiteRunner.runTest(SuiteRunner.java:398)
at org.testng.SuiteRunner.runSequentially(SuiteRunner.java:392)
at org.testng.SuiteRunner.privateRun(SuiteRunner.java:355)
at org.testng.SuiteRunner.run(SuiteRunner.java:304)
at org.testng.SuiteRunnerWorker.runSuite(SuiteRunnerWorker.java:53)
at org.testng.SuiteRunnerWorker.run(SuiteRunnerWorker.java:96)
at org.testng.TestNG.runSuitesSequentially(TestNG.java:1146)
at org.testng.TestNG.runSuitesLocally(TestNG.java:1067)
at org.testng.TestNG.runSuites(TestNG.java:997)
at org.testng.TestNG.run(TestNG.java:965)
at org.apache.maven.surefire.testng.TestNGExecutor.run(TestNGExecutor.java:283)
at org.apache.maven.surefire.testng.TestNGXmlTestSuite.execute(TestNGXmlTestSuite.java:75)
at org.apache.maven.surefire.testng.TestNGProvider.invoke(TestNGProvider.java:120)
at org.apache.maven.surefire.booter.ForkedBooter.invokeProviderInSameClassLoader(ForkedBooter.java:384)
at org.apache.maven.surefire.booter.ForkedBooter.runSuitesInProcess(ForkedBooter.java:345)
at org.apache.maven.surefire.booter.ForkedBooter.execute(ForkedBooter.java:126)
at org.apache.maven.surefire.booter.ForkedBooter.main(ForkedBooter.java:418)
]]>
            </full-stacktrace>
          </exception> <!-- org.openqa.selenium.NoSuchElementException -->
          <reporter-output>
          </reporter-output>
        </test-method> <!-- basepageNavigation -->
        <test-method status="PASS" signature="teardown()[pri:0, instance:Academy.Assertions_HomePage@4e268090]" name="teardown" is-config="true" duration-ms="298" started-at="2019-02-07T14:30:28 GMT" finished-at="2019-02-07T14:30:28 GMT">
          <reporter-output>
          </reporter-output>
        </test-method> <!-- teardown -->
      </class> <!-- Academy.Assertions_HomePage -->
    </test> <!-- Assertion -->
    <test name="Rest" duration-ms="602653" started-at="2019-02-07T14:30:29 GMT" finished-at="2019-02-07T14:40:31 GMT">
      <class name="Academy.HomePage">
        <test-method status="PASS" signature="initilize()[pri:0, instance:Academy.HomePage@73ee04c8]" name="initilize" is-config="true" duration-ms="92804" started-at="2019-02-07T14:35:02 GMT" finished-at="2019-02-07T14:36:35 GMT">
          <reporter-output>
          </reporter-output>
        </test-method> <!-- initilize -->
        <test-method status="PASS" signature="basepageNavigation(java.lang.String, java.lang.String, java.lang.String, java.lang.String, java.lang.String, java.lang.String)[pri:0, instance:Academy.HomePage@73ee04c8]" name="basepageNavigation" duration-ms="9604" started-at="2019-02-07T14:36:35 GMT" data-provider="getData" finished-at="2019-02-07T14:36:44 GMT">
          <params>
            <param index="0">
              <value>
                <![CDATA[michael]]>
              </value>
            </param>
            <param index="1">
              <value>
                <![CDATA[schumaer]]>
              </value>
            </param>
            <param index="2">
              <value>
                <![CDATA[mschumaer@hayda.com]]>
              </value>
            </param>
            <param index="3">
              <value>
                <![CDATA[mschumaer@hayda.com]]>
              </value>
            </param>
            <param index="4">
              <value>
                <![CDATA[abcd12345]]>
              </value>
            </param>
            <param index="5">
              <value>
                <![CDATA[abcd12345]]>
              </value>
            </param>
          </params>
          <reporter-output>
          </reporter-output>
        </test-method> <!-- basepageNavigation -->
        <test-method status="PASS" signature="teardown()[pri:0, instance:Academy.HomePage@73ee04c8]" name="teardown" is-config="true" duration-ms="135" started-at="2019-02-07T14:36:44 GMT" finished-at="2019-02-07T14:36:44 GMT">
          <reporter-output>
          </reporter-output>
        </test-method> <!-- teardown -->
        <test-method status="PASS" signature="initilize()[pri:0, instance:Academy.HomePage@73ee04c8]" name="initilize" is-config="true" duration-ms="65248" started-at="2019-02-07T14:36:44 GMT" finished-at="2019-02-07T14:37:50 GMT">
          <reporter-output>
          </reporter-output>
        </test-method> <!-- initilize -->
        <test-method status="PASS" signature="basepageNavigation(java.lang.String, java.lang.String, java.lang.String, java.lang.String, java.lang.String, java.lang.String)[pri:0, instance:Academy.HomePage@73ee04c8]" name="basepageNavigation" duration-ms="18721" started-at="2019-02-07T14:37:50 GMT" data-provider="getData" finished-at="2019-02-07T14:38:08 GMT">
          <params>
            <param index="0">
              <value>
                <![CDATA[john]]>
              </value>
            </param>
            <param index="1">
              <value>
                <![CDATA[brown]]>
              </value>
            </param>
            <param index="2">
              <value>
                <![CDATA[johnbrown@hayda.com]]>
              </value>
            </param>
            <param index="3">
              <value>
                <![CDATA[johnbrown@hayda.com]]>
              </value>
            </param>
            <param index="4">
              <value>
                <![CDATA[Fadd123]]>
              </value>
            </param>
            <param index="5">
              <value>
                <![CDATA[Fadd123]]>
              </value>
            </param>
          </params>
          <reporter-output>
          </reporter-output>
        </test-method> <!-- basepageNavigation -->
        <test-method status="PASS" signature="teardown()[pri:0, instance:Academy.HomePage@73ee04c8]" name="teardown" is-config="true" duration-ms="233" started-at="2019-02-07T14:38:08 GMT" finished-at="2019-02-07T14:38:09 GMT">
          <reporter-output>
          </reporter-output>
        </test-method> <!-- teardown -->
        <test-method status="PASS" signature="initilize()[pri:0, instance:Academy.HomePage@73ee04c8]" name="initilize" is-config="true" duration-ms="52475" started-at="2019-02-07T14:38:09 GMT" finished-at="2019-02-07T14:39:01 GMT">
          <reporter-output>
          </reporter-output>
        </test-method> <!-- initilize -->
        <test-method status="PASS" signature="basepageNavigation(java.lang.String, java.lang.String, java.lang.String, java.lang.String, java.lang.String, java.lang.String)[pri:0, instance:Academy.HomePage@73ee04c8]" name="basepageNavigation" duration-ms="9671" started-at="2019-02-07T14:39:01 GMT" data-provider="getData" finished-at="2019-02-07T14:39:11 GMT">
          <params>
            <param index="0">
              <value>
                <![CDATA[jenny]]>
              </value>
            </param>
            <param index="1">
              <value>
                <![CDATA[johnes]]>
              </value>
            </param>
            <param index="2">
              <value>
                <![CDATA[johnesjenny@hayda.com]]>
              </value>
            </param>
            <param index="3">
              <value>
                <![CDATA[johnesjenny@hayda.com]]>
              </value>
            </param>
            <param index="4">
              <value>
                <![CDATA[pARIsd123]]>
              </value>
            </param>
            <param index="5">
              <value>
                <![CDATA[pARIsd123]]>
              </value>
            </param>
          </params>
          <reporter-output>
          </reporter-output>
        </test-method> <!-- basepageNavigation -->
        <test-method status="PASS" signature="teardown()[pri:0, instance:Academy.HomePage@73ee04c8]" name="teardown" is-config="true" duration-ms="198" started-at="2019-02-07T14:39:11 GMT" finished-at="2019-02-07T14:39:11 GMT">
          <reporter-output>
          </reporter-output>
        </test-method> <!-- teardown -->
      </class> <!-- Academy.HomePage -->
      <class name="Academy.TagValidation_HomePage">
        <test-method status="PASS" signature="initilize()[pri:0, instance:Academy.TagValidation_HomePage@7671cb68]" name="initilize" is-config="true" duration-ms="80230" started-at="2019-02-07T14:39:11 GMT" finished-at="2019-02-07T14:40:31 GMT">
          <reporter-output>
          </reporter-output>
        </test-method> <!-- initilize -->
        <test-method status="PASS" signature="tagValid()[pri:0, instance:Academy.TagValidation_HomePage@7671cb68]" name="tagValid" duration-ms="84" started-at="2019-02-07T14:40:31 GMT" finished-at="2019-02-07T14:40:31 GMT">
          <reporter-output>
          </reporter-output>
        </test-method> <!-- tagValid -->
        <test-method status="PASS" signature="teardown()[pri:0, instance:Academy.TagValidation_HomePage@7671cb68]" name="teardown" is-config="true" duration-ms="192" started-at="2019-02-07T14:40:31 GMT" finished-at="2019-02-07T14:40:31 GMT">
          <reporter-output>
          </reporter-output>
        </test-method> <!-- teardown -->
      </class> <!-- Academy.TagValidation_HomePage -->
      <class name="Academy.DataProdiver_HomePage">
        <test-method status="PASS" signature="initilize()[pri:0, instance:Academy.DataProdiver_HomePage@61386958]" name="initilize" is-config="true" duration-ms="74120" started-at="2019-02-07T14:30:29 GMT" finished-at="2019-02-07T14:31:43 GMT">
          <reporter-output>
          </reporter-output>
        </test-method> <!-- initilize -->
        <test-method status="PASS" signature="basepageNavigation(java.lang.String, java.lang.String, java.lang.String, java.lang.String, java.lang.String, java.lang.String)[pri:0, instance:Academy.DataProdiver_HomePage@61386958]" name="basepageNavigation" duration-ms="9334" started-at="2019-02-07T14:31:43 GMT" data-provider="getData" finished-at="2019-02-07T14:31:52 GMT">
          <params>
            <param index="0">
              <value>
                <![CDATA[michael]]>
              </value>
            </param>
            <param index="1">
              <value>
                <![CDATA[schumaer]]>
              </value>
            </param>
            <param index="2">
              <value>
                <![CDATA[mschumaer@hayda.com]]>
              </value>
            </param>
            <param index="3">
              <value>
                <![CDATA[mschumaer@hayda.com]]>
              </value>
            </param>
            <param index="4">
              <value>
                <![CDATA[abcd12345]]>
              </value>
            </param>
            <param index="5">
              <value>
                <![CDATA[abcd12345]]>
              </value>
            </param>
          </params>
          <reporter-output>
          </reporter-output>
        </test-method> <!-- basepageNavigation -->
        <test-method status="PASS" signature="teardown()[pri:0, instance:Academy.DataProdiver_HomePage@61386958]" name="teardown" is-config="true" duration-ms="154" started-at="2019-02-07T14:31:52 GMT" finished-at="2019-02-07T14:31:52 GMT">
          <reporter-output>
          </reporter-output>
        </test-method> <!-- teardown -->
        <test-method status="PASS" signature="initilize()[pri:0, instance:Academy.DataProdiver_HomePage@61386958]" name="initilize" is-config="true" duration-ms="63008" started-at="2019-02-07T14:31:52 GMT" finished-at="2019-02-07T14:32:55 GMT">
          <reporter-output>
          </reporter-output>
        </test-method> <!-- initilize -->
        <test-method status="PASS" signature="basepageNavigation(java.lang.String, java.lang.String, java.lang.String, java.lang.String, java.lang.String, java.lang.String)[pri:0, instance:Academy.DataProdiver_HomePage@61386958]" name="basepageNavigation" duration-ms="10103" started-at="2019-02-07T14:32:55 GMT" data-provider="getData" finished-at="2019-02-07T14:33:06 GMT">
          <params>
            <param index="0">
              <value>
                <![CDATA[john]]>
              </value>
            </param>
            <param index="1">
              <value>
                <![CDATA[brown]]>
              </value>
            </param>
            <param index="2">
              <value>
                <![CDATA[johnbrown@hayda.com]]>
              </value>
            </param>
            <param index="3">
              <value>
                <![CDATA[johnbrown@hayda.com]]>
              </value>
            </param>
            <param index="4">
              <value>
                <![CDATA[Fadd123]]>
              </value>
            </param>
            <param index="5">
              <value>
                <![CDATA[Fadd123]]>
              </value>
            </param>
          </params>
          <reporter-output>
          </reporter-output>
        </test-method> <!-- basepageNavigation -->
        <test-method status="PASS" signature="teardown()[pri:0, instance:Academy.DataProdiver_HomePage@61386958]" name="teardown" is-config="true" duration-ms="250" started-at="2019-02-07T14:33:06 GMT" finished-at="2019-02-07T14:33:06 GMT">
          <reporter-output>
          </reporter-output>
        </test-method> <!-- teardown -->
        <test-method status="PASS" signature="initilize()[pri:0, instance:Academy.DataProdiver_HomePage@61386958]" name="initilize" is-config="true" duration-ms="99558" started-at="2019-02-07T14:33:06 GMT" finished-at="2019-02-07T14:34:45 GMT">
          <reporter-output>
          </reporter-output>
        </test-method> <!-- initilize -->
        <test-method status="PASS" signature="basepageNavigation(java.lang.String, java.lang.String, java.lang.String, java.lang.String, java.lang.String, java.lang.String)[pri:0, instance:Academy.DataProdiver_HomePage@61386958]" name="basepageNavigation" duration-ms="16285" started-at="2019-02-07T14:34:45 GMT" data-provider="getData" finished-at="2019-02-07T14:35:02 GMT">
          <params>
            <param index="0">
              <value>
                <![CDATA[jenny]]>
              </value>
            </param>
            <param index="1">
              <value>
                <![CDATA[johnes]]>
              </value>
            </param>
            <param index="2">
              <value>
                <![CDATA[johnesjenny@hayda.com]]>
              </value>
            </param>
            <param index="3">
              <value>
                <![CDATA[johnesjenny@hayda.com]]>
              </value>
            </param>
            <param index="4">
              <value>
                <![CDATA[pARIsd123]]>
              </value>
            </param>
            <param index="5">
              <value>
                <![CDATA[pARIsd123]]>
              </value>
            </param>
          </params>
          <reporter-output>
          </reporter-output>
        </test-method> <!-- basepageNavigation -->
        <test-method status="PASS" signature="teardown()[pri:0, instance:Academy.DataProdiver_HomePage@61386958]" name="teardown" is-config="true" duration-ms="203" started-at="2019-02-07T14:35:02 GMT" finished-at="2019-02-07T14:35:02 GMT">
          <reporter-output>
          </reporter-output>
        </test-method> <!-- teardown -->
      </class> <!-- Academy.DataProdiver_HomePage -->
    </test> <!-- Rest -->
  </suite> <!-- Suite -->
</testng-results>
